namshi-credit-card-input/build/intermediates/manifest_merge_blame_file/release/manifest-merger-blame-release-report.txt
1<?xml version="1.0" encoding="utf-8"?>
2<manifest xmlns:android="http://schemas.android.com/apk/res/android"
3    package="com.namshicardinput.android"
4    android:versionCode="109"
5    android:versionName="16.0.0" >
6
7    <uses-sdk
8        android:minSdkVersion="21"
8-->StripePayment/namshi-credit-card-input/AndroidManifest.xml
9        android:targetSdkVersion="30" />
9-->StripePayment/namshi-credit-card-input/AndroidManifest.xml
10
11    <application>
11-->StripePayment/namshi-credit-card-input/AndroidManifest.xml:7:5-8:19
12    </application>
13
14</manifest>